{"name": "test_increase_count_all_time[chrome-count_locator0]", "status": "broken", "statusDetails": {"message": "selenium.common.exceptions.NoSuchElementException: Message: no such element: Unable to locate element: {\"method\":\"xpath\",\"selector\":\"//input[@name = \"name\"]\"}\n  (Session info: chrome=124.0.6367.202); For documentation on this error, please visit: https://www.selenium.dev/documentation/webdriver/troubleshooting/errors#no-such-element-exception\nStacktrace:\n\tGetHandleVerifier [0x00007FF77FAB1562+60802]\n\t(No symbol) [0x00007FF77FA2AC62]\n\t(No symbol) [0x00007FF77F8E7CE4]\n\t(No symbol) [0x00007FF77F936D4D]\n\t(No symbol) [0x00007FF77F936E1C]\n\t(No symbol) [0x00007FF77F97CE37]\n\t(No symbol) [0x00007FF77F95ABBF]\n\t(No symbol) [0x00007FF77F97A224]\n\t(No symbol) [0x00007FF77F95A923]\n\t(No symbol) [0x00007FF77F928FEC]\n\t(No symbol) [0x00007FF77F929C21]\n\tGetHandleVerifier [0x00007FF77FDB41FD+3217949]\n\tGetHandleVerifier [0x00007FF77FDF6197+3488183]\n\tGetHandleVerifier [0x00007FF77FDEF11F+3459391]\n\tGetHandleVerifier [0x00007FF77FB6B926+823622]\n\t(No symbol) [0x00007FF77FA35FFF]\n\t(No symbol) [0x00007FF77FA30F24]\n\t(No symbol) [0x00007FF77FA310B2]\n\t(No symbol) [0x00007FF77FA21904]\n\tBaseThreadInitThunk [0x00007FFF0F217344+20]\n\tRtlUserThreadStart [0x00007FFF101A26B1+33]", "trace": "self = <test_order_feed_page.TestOrderFeedPage object at 0x0000018C57E7CF50>\ncreate_test_user = {'email': 'uhaQJUdc@yandex.ru', 'password': 'jfwttyGi', 'token': 'Bearer eyJhbGciOiJIUzI1NiIsInR5cCI6IkpXVCJ9.eyJpZCI6...jM3OWVkMjgwMDAxYjQwYzc5OSIsImlhdCI6MTcxNTQ2NzgzMSwiZXhwIjoxNzE1NDY5MDMxfQ.jRKLGTq2Y7ZJKC8fQ4tIkwclXalSZ_rKi2XUnzbYXNo'}\nmain_page = <pages.main_page.MainPage object at 0x0000018C57E96A50>, login_page = <pages.login_page.LoginPage object at 0x0000018C57E96790>\norder_feed_page = <pages.order_feed_page.OrderFeedPage object at 0x0000018C57E96C90>\ncount_locator = ('xpath', '//p[contains(text(), \"Выполнено за все время\")]/following-sibling::p')\n\n    @allure.step('при создании нового заказа счётчик Выполнено за всё время увеличивается')\n    @allure.step('при создании нового заказа счётчик Выполнено за сегодня увеличивается')\n    @pytest.mark.parametrize('count_locator',[OrderFeedPageLocators.COUNT_ALL_TIME,\n                                              OrderFeedPageLocators.COUNT_TODAY])\n    def test_increase_count_all_time(self,create_test_user,main_page,login_page,order_feed_page, count_locator):\n        main_page.click_button_personal_area()\n>       login_page.login_to_site(create_test_user['email'], create_test_user['password'])\n\ntests\\test_order_feed_page.py:37: \n_ _ _ _ _ _ _ _ _ _ _ _ _ _ _ _ _ _ _ _ _ _ _ _ _ _ _ _ _ _ _ _ _ _ _ _ _ _ _ _ _ _ _ _ _ _ _ _ _ _ _ _ _ _ _ _ _ _ _ _ _ _ _ _ _ _ _ _ _ _ _ _ _ _ _ _\npages\\login_page.py:26: in login_to_site\n    self.input_email(email)\npages\\login_page.py:10: in input_email\n    self.input_text_to_element(LoginPageLocators.INPUT_EMAIL, email)\npages\\base_page.py:25: in input_text_to_element\n    self.driver.find_element(*locator).send_keys(text)\nvenv\\Lib\\site-packages\\selenium\\webdriver\\remote\\webdriver.py:741: in find_element\n    return self.execute(Command.FIND_ELEMENT, {\"using\": by, \"value\": value})[\"value\"]\nvenv\\Lib\\site-packages\\selenium\\webdriver\\remote\\webdriver.py:347: in execute\n    self.error_handler.check_response(response)\n_ _ _ _ _ _ _ _ _ _ _ _ _ _ _ _ _ _ _ _ _ _ _ _ _ _ _ _ _ _ _ _ _ _ _ _ _ _ _ _ _ _ _ _ _ _ _ _ _ _ _ _ _ _ _ _ _ _ _ _ _ _ _ _ _ _ _ _ _ _ _ _ _ _ _ _\n\nself = <selenium.webdriver.remote.errorhandler.ErrorHandler object at 0x0000018C57E87B90>\nresponse = {'status': 404, 'value': '{\"value\":{\"error\":\"no such element\",\"message\":\"no such element: Unable to locate element: {\\...07FF77FA21904]\\\\n\\\\tBaseThreadInitThunk [0x00007FFF0F217344+20]\\\\n\\\\tRtlUserThreadStart [0x00007FFF101A26B1+33]\\\\n\"}}'}\n\n    def check_response(self, response: Dict[str, Any]) -> None:\n        \"\"\"Checks that a JSON response from the WebDriver does not have an\n        error.\n    \n        :Args:\n         - response - The JSON response from the WebDriver server as a dictionary\n           object.\n    \n        :Raises: If the response contains an error message.\n        \"\"\"\n        status = response.get(\"status\", None)\n        if not status or status == ErrorCode.SUCCESS:\n            return\n        value = None\n        message = response.get(\"message\", \"\")\n        screen: str = response.get(\"screen\", \"\")\n        stacktrace = None\n        if isinstance(status, int):\n            value_json = response.get(\"value\", None)\n            if value_json and isinstance(value_json, str):\n                import json\n    \n                try:\n                    value = json.loads(value_json)\n                    if len(value) == 1:\n                        value = value[\"value\"]\n                    status = value.get(\"error\", None)\n                    if not status:\n                        status = value.get(\"status\", ErrorCode.UNKNOWN_ERROR)\n                        message = value.get(\"value\") or value.get(\"message\")\n                        if not isinstance(message, str):\n                            value = message\n                            message = message.get(\"message\")\n                    else:\n                        message = value.get(\"message\", None)\n                except ValueError:\n                    pass\n    \n        exception_class: Type[WebDriverException]\n        e = ErrorCode()\n        error_codes = [item for item in dir(e) if not item.startswith(\"__\")]\n        for error_code in error_codes:\n            error_info = getattr(ErrorCode, error_code)\n            if isinstance(error_info, list) and status in error_info:\n                exception_class = getattr(ExceptionMapping, error_code, WebDriverException)\n                break\n        else:\n            exception_class = WebDriverException\n    \n        if not value:\n            value = response[\"value\"]\n        if isinstance(value, str):\n            raise exception_class(value)\n        if message == \"\" and \"message\" in value:\n            message = value[\"message\"]\n    \n        screen = None  # type: ignore[assignment]\n        if \"screen\" in value:\n            screen = value[\"screen\"]\n    \n        stacktrace = None\n        st_value = value.get(\"stackTrace\") or value.get(\"stacktrace\")\n        if st_value:\n            if isinstance(st_value, str):\n                stacktrace = st_value.split(\"\\n\")\n            else:\n                stacktrace = []\n                try:\n                    for frame in st_value:\n                        line = frame.get(\"lineNumber\", \"\")\n                        file = frame.get(\"fileName\", \"<anonymous>\")\n                        if line:\n                            file = f\"{file}:{line}\"\n                        meth = frame.get(\"methodName\", \"<anonymous>\")\n                        if \"className\" in frame:\n                            meth = f\"{frame['className']}.{meth}\"\n                        msg = \"    at %s (%s)\"\n                        msg = msg % (meth, file)\n                        stacktrace.append(msg)\n                except TypeError:\n                    pass\n        if exception_class == UnexpectedAlertPresentException:\n            alert_text = None\n            if \"data\" in value:\n                alert_text = value[\"data\"].get(\"text\")\n            elif \"alert\" in value:\n                alert_text = value[\"alert\"].get(\"text\")\n            raise exception_class(message, screen, stacktrace, alert_text)  # type: ignore[call-arg]  # mypy is not smart enough here\n>       raise exception_class(message, screen, stacktrace)\nE       selenium.common.exceptions.NoSuchElementException: Message: no such element: Unable to locate element: {\"method\":\"xpath\",\"selector\":\"//input[@name = \"name\"]\"}\nE         (Session info: chrome=124.0.6367.202); For documentation on this error, please visit: https://www.selenium.dev/documentation/webdriver/troubleshooting/errors#no-such-element-exception\nE       Stacktrace:\nE       \tGetHandleVerifier [0x00007FF77FAB1562+60802]\nE       \t(No symbol) [0x00007FF77FA2AC62]\nE       \t(No symbol) [0x00007FF77F8E7CE4]\nE       \t(No symbol) [0x00007FF77F936D4D]\nE       \t(No symbol) [0x00007FF77F936E1C]\nE       \t(No symbol) [0x00007FF77F97CE37]\nE       \t(No symbol) [0x00007FF77F95ABBF]\nE       \t(No symbol) [0x00007FF77F97A224]\nE       \t(No symbol) [0x00007FF77F95A923]\nE       \t(No symbol) [0x00007FF77F928FEC]\nE       \t(No symbol) [0x00007FF77F929C21]\nE       \tGetHandleVerifier [0x00007FF77FDB41FD+3217949]\nE       \tGetHandleVerifier [0x00007FF77FDF6197+3488183]\nE       \tGetHandleVerifier [0x00007FF77FDEF11F+3459391]\nE       \tGetHandleVerifier [0x00007FF77FB6B926+823622]\nE       \t(No symbol) [0x00007FF77FA35FFF]\nE       \t(No symbol) [0x00007FF77FA30F24]\nE       \t(No symbol) [0x00007FF77FA310B2]\nE       \t(No symbol) [0x00007FF77FA21904]\nE       \tBaseThreadInitThunk [0x00007FFF0F217344+20]\nE       \tRtlUserThreadStart [0x00007FFF101A26B1+33]\n\nvenv\\Lib\\site-packages\\selenium\\webdriver\\remote\\errorhandler.py:229: NoSuchElementException"}, "steps": [{"name": "при создании нового заказа счётчик Выполнено за всё время увеличивается", "status": "broken", "statusDetails": {"message": "selenium.common.exceptions.NoSuchElementException: Message: no such element: Unable to locate element: {\"method\":\"xpath\",\"selector\":\"//input[@name = \"name\"]\"}\n  (Session info: chrome=124.0.6367.202); For documentation on this error, please visit: https://www.selenium.dev/documentation/webdriver/troubleshooting/errors#no-such-element-exception\nStacktrace:\n\tGetHandleVerifier [0x00007FF77FAB1562+60802]\n\t(No symbol) [0x00007FF77FA2AC62]\n\t(No symbol) [0x00007FF77F8E7CE4]\n\t(No symbol) [0x00007FF77F936D4D]\n\t(No symbol) [0x00007FF77F936E1C]\n\t(No symbol) [0x00007FF77F97CE37]\n\t(No symbol) [0x00007FF77F95ABBF]\n\t(No symbol) [0x00007FF77F97A224]\n\t(No symbol) [0x00007FF77F95A923]\n\t(No symbol) [0x00007FF77F928FEC]\n\t(No symbol) [0x00007FF77F929C21]\n\tGetHandleVerifier [0x00007FF77FDB41FD+3217949]\n\tGetHandleVerifier [0x00007FF77FDF6197+3488183]\n\tGetHandleVerifier [0x00007FF77FDEF11F+3459391]\n\tGetHandleVerifier [0x00007FF77FB6B926+823622]\n\t(No symbol) [0x00007FF77FA35FFF]\n\t(No symbol) [0x00007FF77FA30F24]\n\t(No symbol) [0x00007FF77FA310B2]\n\t(No symbol) [0x00007FF77FA21904]\n\tBaseThreadInitThunk [0x00007FFF0F217344+20]\n\tRtlUserThreadStart [0x00007FFF101A26B1+33]\n\n", "trace": "  File \"C:\\Users\\y\\PycharmProjects\\diplom_3\\venv\\Lib\\site-packages\\allure_commons\\_allure.py\", line 192, in impl\n    return func(*a, **kw)\n           ^^^^^^^^^^^^^^\n  File \"C:\\Users\\y\\PycharmProjects\\diplom_3\\venv\\Lib\\site-packages\\allure_commons\\_allure.py\", line 192, in impl\n    return func(*a, **kw)\n           ^^^^^^^^^^^^^^\n  File \"C:\\Users\\y\\PycharmProjects\\diplom_3\\tests\\test_order_feed_page.py\", line 37, in test_increase_count_all_time\n    login_page.login_to_site(create_test_user['email'], create_test_user['password'])\n  File \"C:\\Users\\y\\PycharmProjects\\diplom_3\\venv\\Lib\\site-packages\\allure_commons\\_allure.py\", line 192, in impl\n    return func(*a, **kw)\n           ^^^^^^^^^^^^^^\n  File \"C:\\Users\\y\\PycharmProjects\\diplom_3\\pages\\login_page.py\", line 26, in login_to_site\n    self.input_email(email)\n  File \"C:\\Users\\y\\PycharmProjects\\diplom_3\\venv\\Lib\\site-packages\\allure_commons\\_allure.py\", line 192, in impl\n    return func(*a, **kw)\n           ^^^^^^^^^^^^^^\n  File \"C:\\Users\\y\\PycharmProjects\\diplom_3\\pages\\login_page.py\", line 10, in input_email\n    self.input_text_to_element(LoginPageLocators.INPUT_EMAIL, email)\n  File \"C:\\Users\\y\\PycharmProjects\\diplom_3\\venv\\Lib\\site-packages\\allure_commons\\_allure.py\", line 192, in impl\n    return func(*a, **kw)\n           ^^^^^^^^^^^^^^\n  File \"C:\\Users\\y\\PycharmProjects\\diplom_3\\pages\\base_page.py\", line 25, in input_text_to_element\n    self.driver.find_element(*locator).send_keys(text)\n    ^^^^^^^^^^^^^^^^^^^^^^^^^^^^^^^^^^\n  File \"C:\\Users\\y\\PycharmProjects\\diplom_3\\venv\\Lib\\site-packages\\selenium\\webdriver\\remote\\webdriver.py\", line 741, in find_element\n    return self.execute(Command.FIND_ELEMENT, {\"using\": by, \"value\": value})[\"value\"]\n           ^^^^^^^^^^^^^^^^^^^^^^^^^^^^^^^^^^^^^^^^^^^^^^^^^^^^^^^^^^^^^^^^^\n  File \"C:\\Users\\y\\PycharmProjects\\diplom_3\\venv\\Lib\\site-packages\\selenium\\webdriver\\remote\\webdriver.py\", line 347, in execute\n    self.error_handler.check_response(response)\n  File \"C:\\Users\\y\\PycharmProjects\\diplom_3\\venv\\Lib\\site-packages\\selenium\\webdriver\\remote\\errorhandler.py\", line 229, in check_response\n    raise exception_class(message, screen, stacktrace)\n"}, "steps": [{"name": "при создании нового заказа счётчик Выполнено за сегодня увеличивается", "status": "broken", "statusDetails": {"message": "selenium.common.exceptions.NoSuchElementException: Message: no such element: Unable to locate element: {\"method\":\"xpath\",\"selector\":\"//input[@name = \"name\"]\"}\n  (Session info: chrome=124.0.6367.202); For documentation on this error, please visit: https://www.selenium.dev/documentation/webdriver/troubleshooting/errors#no-such-element-exception\nStacktrace:\n\tGetHandleVerifier [0x00007FF77FAB1562+60802]\n\t(No symbol) [0x00007FF77FA2AC62]\n\t(No symbol) [0x00007FF77F8E7CE4]\n\t(No symbol) [0x00007FF77F936D4D]\n\t(No symbol) [0x00007FF77F936E1C]\n\t(No symbol) [0x00007FF77F97CE37]\n\t(No symbol) [0x00007FF77F95ABBF]\n\t(No symbol) [0x00007FF77F97A224]\n\t(No symbol) [0x00007FF77F95A923]\n\t(No symbol) [0x00007FF77F928FEC]\n\t(No symbol) [0x00007FF77F929C21]\n\tGetHandleVerifier [0x00007FF77FDB41FD+3217949]\n\tGetHandleVerifier [0x00007FF77FDF6197+3488183]\n\tGetHandleVerifier [0x00007FF77FDEF11F+3459391]\n\tGetHandleVerifier [0x00007FF77FB6B926+823622]\n\t(No symbol) [0x00007FF77FA35FFF]\n\t(No symbol) [0x00007FF77FA30F24]\n\t(No symbol) [0x00007FF77FA310B2]\n\t(No symbol) [0x00007FF77FA21904]\n\tBaseThreadInitThunk [0x00007FFF0F217344+20]\n\tRtlUserThreadStart [0x00007FFF101A26B1+33]\n\n", "trace": "  File \"C:\\Users\\y\\PycharmProjects\\diplom_3\\venv\\Lib\\site-packages\\allure_commons\\_allure.py\", line 192, in impl\n    return func(*a, **kw)\n           ^^^^^^^^^^^^^^\n  File \"C:\\Users\\y\\PycharmProjects\\diplom_3\\tests\\test_order_feed_page.py\", line 37, in test_increase_count_all_time\n    login_page.login_to_site(create_test_user['email'], create_test_user['password'])\n  File \"C:\\Users\\y\\PycharmProjects\\diplom_3\\venv\\Lib\\site-packages\\allure_commons\\_allure.py\", line 192, in impl\n    return func(*a, **kw)\n           ^^^^^^^^^^^^^^\n  File \"C:\\Users\\y\\PycharmProjects\\diplom_3\\pages\\login_page.py\", line 26, in login_to_site\n    self.input_email(email)\n  File \"C:\\Users\\y\\PycharmProjects\\diplom_3\\venv\\Lib\\site-packages\\allure_commons\\_allure.py\", line 192, in impl\n    return func(*a, **kw)\n           ^^^^^^^^^^^^^^\n  File \"C:\\Users\\y\\PycharmProjects\\diplom_3\\pages\\login_page.py\", line 10, in input_email\n    self.input_text_to_element(LoginPageLocators.INPUT_EMAIL, email)\n  File \"C:\\Users\\y\\PycharmProjects\\diplom_3\\venv\\Lib\\site-packages\\allure_commons\\_allure.py\", line 192, in impl\n    return func(*a, **kw)\n           ^^^^^^^^^^^^^^\n  File \"C:\\Users\\y\\PycharmProjects\\diplom_3\\pages\\base_page.py\", line 25, in input_text_to_element\n    self.driver.find_element(*locator).send_keys(text)\n    ^^^^^^^^^^^^^^^^^^^^^^^^^^^^^^^^^^\n  File \"C:\\Users\\y\\PycharmProjects\\diplom_3\\venv\\Lib\\site-packages\\selenium\\webdriver\\remote\\webdriver.py\", line 741, in find_element\n    return self.execute(Command.FIND_ELEMENT, {\"using\": by, \"value\": value})[\"value\"]\n           ^^^^^^^^^^^^^^^^^^^^^^^^^^^^^^^^^^^^^^^^^^^^^^^^^^^^^^^^^^^^^^^^^\n  File \"C:\\Users\\y\\PycharmProjects\\diplom_3\\venv\\Lib\\site-packages\\selenium\\webdriver\\remote\\webdriver.py\", line 347, in execute\n    self.error_handler.check_response(response)\n  File \"C:\\Users\\y\\PycharmProjects\\diplom_3\\venv\\Lib\\site-packages\\selenium\\webdriver\\remote\\errorhandler.py\", line 229, in check_response\n    raise exception_class(message, screen, stacktrace)\n"}, "steps": [{"name": "Нажать на кнопку Личный кабинет", "status": "passed", "start": 1715467835307, "stop": 1715467835814}, {"name": "Вход зарегестрированного пользователя", "status": "broken", "statusDetails": {"message": "selenium.common.exceptions.NoSuchElementException: Message: no such element: Unable to locate element: {\"method\":\"xpath\",\"selector\":\"//input[@name = \"name\"]\"}\n  (Session info: chrome=124.0.6367.202); For documentation on this error, please visit: https://www.selenium.dev/documentation/webdriver/troubleshooting/errors#no-such-element-exception\nStacktrace:\n\tGetHandleVerifier [0x00007FF77FAB1562+60802]\n\t(No symbol) [0x00007FF77FA2AC62]\n\t(No symbol) [0x00007FF77F8E7CE4]\n\t(No symbol) [0x00007FF77F936D4D]\n\t(No symbol) [0x00007FF77F936E1C]\n\t(No symbol) [0x00007FF77F97CE37]\n\t(No symbol) [0x00007FF77F95ABBF]\n\t(No symbol) [0x00007FF77F97A224]\n\t(No symbol) [0x00007FF77F95A923]\n\t(No symbol) [0x00007FF77F928FEC]\n\t(No symbol) [0x00007FF77F929C21]\n\tGetHandleVerifier [0x00007FF77FDB41FD+3217949]\n\tGetHandleVerifier [0x00007FF77FDF6197+3488183]\n\tGetHandleVerifier [0x00007FF77FDEF11F+3459391]\n\tGetHandleVerifier [0x00007FF77FB6B926+823622]\n\t(No symbol) [0x00007FF77FA35FFF]\n\t(No symbol) [0x00007FF77FA30F24]\n\t(No symbol) [0x00007FF77FA310B2]\n\t(No symbol) [0x00007FF77FA21904]\n\tBaseThreadInitThunk [0x00007FFF0F217344+20]\n\tRtlUserThreadStart [0x00007FFF101A26B1+33]\n\n", "trace": "  File \"C:\\Users\\y\\PycharmProjects\\diplom_3\\venv\\Lib\\site-packages\\allure_commons\\_allure.py\", line 192, in impl\n    return func(*a, **kw)\n           ^^^^^^^^^^^^^^\n  File \"C:\\Users\\y\\PycharmProjects\\diplom_3\\pages\\login_page.py\", line 26, in login_to_site\n    self.input_email(email)\n  File \"C:\\Users\\y\\PycharmProjects\\diplom_3\\venv\\Lib\\site-packages\\allure_commons\\_allure.py\", line 192, in impl\n    return func(*a, **kw)\n           ^^^^^^^^^^^^^^\n  File \"C:\\Users\\y\\PycharmProjects\\diplom_3\\pages\\login_page.py\", line 10, in input_email\n    self.input_text_to_element(LoginPageLocators.INPUT_EMAIL, email)\n  File \"C:\\Users\\y\\PycharmProjects\\diplom_3\\venv\\Lib\\site-packages\\allure_commons\\_allure.py\", line 192, in impl\n    return func(*a, **kw)\n           ^^^^^^^^^^^^^^\n  File \"C:\\Users\\y\\PycharmProjects\\diplom_3\\pages\\base_page.py\", line 25, in input_text_to_element\n    self.driver.find_element(*locator).send_keys(text)\n    ^^^^^^^^^^^^^^^^^^^^^^^^^^^^^^^^^^\n  File \"C:\\Users\\y\\PycharmProjects\\diplom_3\\venv\\Lib\\site-packages\\selenium\\webdriver\\remote\\webdriver.py\", line 741, in find_element\n    return self.execute(Command.FIND_ELEMENT, {\"using\": by, \"value\": value})[\"value\"]\n           ^^^^^^^^^^^^^^^^^^^^^^^^^^^^^^^^^^^^^^^^^^^^^^^^^^^^^^^^^^^^^^^^^\n  File \"C:\\Users\\y\\PycharmProjects\\diplom_3\\venv\\Lib\\site-packages\\selenium\\webdriver\\remote\\webdriver.py\", line 347, in execute\n    self.error_handler.check_response(response)\n  File \"C:\\Users\\y\\PycharmProjects\\diplom_3\\venv\\Lib\\site-packages\\selenium\\webdriver\\remote\\errorhandler.py\", line 229, in check_response\n    raise exception_class(message, screen, stacktrace)\n"}, "steps": [{"name": "Заполнить поле email", "status": "broken", "statusDetails": {"message": "selenium.common.exceptions.NoSuchElementException: Message: no such element: Unable to locate element: {\"method\":\"xpath\",\"selector\":\"//input[@name = \"name\"]\"}\n  (Session info: chrome=124.0.6367.202); For documentation on this error, please visit: https://www.selenium.dev/documentation/webdriver/troubleshooting/errors#no-such-element-exception\nStacktrace:\n\tGetHandleVerifier [0x00007FF77FAB1562+60802]\n\t(No symbol) [0x00007FF77FA2AC62]\n\t(No symbol) [0x00007FF77F8E7CE4]\n\t(No symbol) [0x00007FF77F936D4D]\n\t(No symbol) [0x00007FF77F936E1C]\n\t(No symbol) [0x00007FF77F97CE37]\n\t(No symbol) [0x00007FF77F95ABBF]\n\t(No symbol) [0x00007FF77F97A224]\n\t(No symbol) [0x00007FF77F95A923]\n\t(No symbol) [0x00007FF77F928FEC]\n\t(No symbol) [0x00007FF77F929C21]\n\tGetHandleVerifier [0x00007FF77FDB41FD+3217949]\n\tGetHandleVerifier [0x00007FF77FDF6197+3488183]\n\tGetHandleVerifier [0x00007FF77FDEF11F+3459391]\n\tGetHandleVerifier [0x00007FF77FB6B926+823622]\n\t(No symbol) [0x00007FF77FA35FFF]\n\t(No symbol) [0x00007FF77FA30F24]\n\t(No symbol) [0x00007FF77FA310B2]\n\t(No symbol) [0x00007FF77FA21904]\n\tBaseThreadInitThunk [0x00007FFF0F217344+20]\n\tRtlUserThreadStart [0x00007FFF101A26B1+33]\n\n", "trace": "  File \"C:\\Users\\y\\PycharmProjects\\diplom_3\\venv\\Lib\\site-packages\\allure_commons\\_allure.py\", line 192, in impl\n    return func(*a, **kw)\n           ^^^^^^^^^^^^^^\n  File \"C:\\Users\\y\\PycharmProjects\\diplom_3\\pages\\login_page.py\", line 10, in input_email\n    self.input_text_to_element(LoginPageLocators.INPUT_EMAIL, email)\n  File \"C:\\Users\\y\\PycharmProjects\\diplom_3\\venv\\Lib\\site-packages\\allure_commons\\_allure.py\", line 192, in impl\n    return func(*a, **kw)\n           ^^^^^^^^^^^^^^\n  File \"C:\\Users\\y\\PycharmProjects\\diplom_3\\pages\\base_page.py\", line 25, in input_text_to_element\n    self.driver.find_element(*locator).send_keys(text)\n    ^^^^^^^^^^^^^^^^^^^^^^^^^^^^^^^^^^\n  File \"C:\\Users\\y\\PycharmProjects\\diplom_3\\venv\\Lib\\site-packages\\selenium\\webdriver\\remote\\webdriver.py\", line 741, in find_element\n    return self.execute(Command.FIND_ELEMENT, {\"using\": by, \"value\": value})[\"value\"]\n           ^^^^^^^^^^^^^^^^^^^^^^^^^^^^^^^^^^^^^^^^^^^^^^^^^^^^^^^^^^^^^^^^^\n  File \"C:\\Users\\y\\PycharmProjects\\diplom_3\\venv\\Lib\\site-packages\\selenium\\webdriver\\remote\\webdriver.py\", line 347, in execute\n    self.error_handler.check_response(response)\n  File \"C:\\Users\\y\\PycharmProjects\\diplom_3\\venv\\Lib\\site-packages\\selenium\\webdriver\\remote\\errorhandler.py\", line 229, in check_response\n    raise exception_class(message, screen, stacktrace)\n"}, "steps": [{"name": "Ввод данных в поле", "status": "broken", "statusDetails": {"message": "selenium.common.exceptions.NoSuchElementException: Message: no such element: Unable to locate element: {\"method\":\"xpath\",\"selector\":\"//input[@name = \"name\"]\"}\n  (Session info: chrome=124.0.6367.202); For documentation on this error, please visit: https://www.selenium.dev/documentation/webdriver/troubleshooting/errors#no-such-element-exception\nStacktrace:\n\tGetHandleVerifier [0x00007FF77FAB1562+60802]\n\t(No symbol) [0x00007FF77FA2AC62]\n\t(No symbol) [0x00007FF77F8E7CE4]\n\t(No symbol) [0x00007FF77F936D4D]\n\t(No symbol) [0x00007FF77F936E1C]\n\t(No symbol) [0x00007FF77F97CE37]\n\t(No symbol) [0x00007FF77F95ABBF]\n\t(No symbol) [0x00007FF77F97A224]\n\t(No symbol) [0x00007FF77F95A923]\n\t(No symbol) [0x00007FF77F928FEC]\n\t(No symbol) [0x00007FF77F929C21]\n\tGetHandleVerifier [0x00007FF77FDB41FD+3217949]\n\tGetHandleVerifier [0x00007FF77FDF6197+3488183]\n\tGetHandleVerifier [0x00007FF77FDEF11F+3459391]\n\tGetHandleVerifier [0x00007FF77FB6B926+823622]\n\t(No symbol) [0x00007FF77FA35FFF]\n\t(No symbol) [0x00007FF77FA30F24]\n\t(No symbol) [0x00007FF77FA310B2]\n\t(No symbol) [0x00007FF77FA21904]\n\tBaseThreadInitThunk [0x00007FFF0F217344+20]\n\tRtlUserThreadStart [0x00007FFF101A26B1+33]\n\n", "trace": "  File \"C:\\Users\\y\\PycharmProjects\\diplom_3\\venv\\Lib\\site-packages\\allure_commons\\_allure.py\", line 192, in impl\n    return func(*a, **kw)\n           ^^^^^^^^^^^^^^\n  File \"C:\\Users\\y\\PycharmProjects\\diplom_3\\pages\\base_page.py\", line 25, in input_text_to_element\n    self.driver.find_element(*locator).send_keys(text)\n    ^^^^^^^^^^^^^^^^^^^^^^^^^^^^^^^^^^\n  File \"C:\\Users\\y\\PycharmProjects\\diplom_3\\venv\\Lib\\site-packages\\selenium\\webdriver\\remote\\webdriver.py\", line 741, in find_element\n    return self.execute(Command.FIND_ELEMENT, {\"using\": by, \"value\": value})[\"value\"]\n           ^^^^^^^^^^^^^^^^^^^^^^^^^^^^^^^^^^^^^^^^^^^^^^^^^^^^^^^^^^^^^^^^^\n  File \"C:\\Users\\y\\PycharmProjects\\diplom_3\\venv\\Lib\\site-packages\\selenium\\webdriver\\remote\\webdriver.py\", line 347, in execute\n    self.error_handler.check_response(response)\n  File \"C:\\Users\\y\\PycharmProjects\\diplom_3\\venv\\Lib\\site-packages\\selenium\\webdriver\\remote\\errorhandler.py\", line 229, in check_response\n    raise exception_class(message, screen, stacktrace)\n"}, "parameters": [{"name": "locator", "value": "('xpath', '//input[@name = \"name\"]')"}, {"name": "text", "value": "'uhaQJUdc@yandex.ru'"}], "start": 1715467835815, "stop": 1715467835845}], "parameters": [{"name": "email", "value": "'uhaQJUdc@yandex.ru'"}], "start": 1715467835815, "stop": 1715467835851}], "parameters": [{"name": "email", "value": "'uhaQJUdc@yandex.ru'"}, {"name": "password", "value": "'jfwttyGi'"}], "start": 1715467835814, "stop": 1715467835855}], "parameters": [{"name": "create_test_user", "value": "{'token': 'Bearer eyJhbGciOiJIUzI1NiIsInR5cCI6IkpXVCJ9.eyJpZCI6IjY2M2ZmNjM3OWVkMjgwMDAxYjQwYzc5OSIsImlhdCI6MTcxNTQ2NzgzMSwiZXhwIjoxNzE1NDY5MDMxfQ.jRKLGTq2Y7ZJKC8fQ4tIkwclXalSZ_rKi2XUnzbYXNo', 'email': 'uhaQJUdc@yandex.ru', 'password': 'jfwttyGi'}"}, {"name": "main_page", "value": "<pages.main_page.MainPage object at 0x0000018C57E96A50>"}, {"name": "login_page", "value": "<pages.login_page.LoginPage object at 0x0000018C57E96790>"}, {"name": "order_feed_page", "value": "<pages.order_feed_page.OrderFeedPage object at 0x0000018C57E96C90>"}, {"name": "count_locator", "value": "('xpath', '//p[contains(text(), \"Выполнено за все время\")]/following-sibling::p')"}], "start": 1715467835307, "stop": 1715467835857}], "parameters": [{"name": "a", "value": "(<test_order_feed_page.TestOrderFeedPage object at 0x0000018C57E7CF50>,)"}, {"name": "create_test_user", "value": "{'token': 'Bearer eyJhbGciOiJIUzI1NiIsInR5cCI6IkpXVCJ9.eyJpZCI6IjY2M2ZmNjM3OWVkMjgwMDAxYjQwYzc5OSIsImlhdCI6MTcxNTQ2NzgzMSwiZXhwIjoxNzE1NDY5MDMxfQ.jRKLGTq2Y7ZJKC8fQ4tIkwclXalSZ_rKi2XUnzbYXNo', 'email': 'uhaQJUdc@yandex.ru', 'password': 'jfwttyGi'}"}, {"name": "main_page", "value": "<pages.main_page.MainPage object at 0x0000018C57E96A50>"}, {"name": "login_page", "value": "<pages.login_page.LoginPage object at 0x0000018C57E96790>"}, {"name": "order_feed_page", "value": "<pages.order_feed_page.OrderFeedPage object at 0x0000018C57E96C90>"}, {"name": "count_locator", "value": "('xpath', '//p[contains(text(), \"Выполнено за все время\")]/following-sibling::p')"}], "start": 1715467835307, "stop": 1715467835860}], "parameters": [{"name": "driver", "value": "'chrome'"}, {"name": "count_locator", "value": "('xpath', '//p[contains(text(), \"Выполнено за все время\")]/following-sibling::p')"}], "start": 1715467835305, "stop": 1715467835864, "uuid": "c510b3e5-9897-4a96-9911-60963e0df6a4", "historyId": "1959b8301b96c572eb1bfbb3633ffb2c", "testCaseId": "fe12c44f981961bb396f2181c2ca16b3", "fullName": "tests.test_order_feed_page.TestOrderFeedPage#test_increase_count_all_time", "labels": [{"name": "parentSuite", "value": "tests"}, {"name": "suite", "value": "test_order_feed_page"}, {"name": "subSuite", "value": "TestOrderFeedPage"}, {"name": "host", "value": "LAPTOP-GROONPCU"}, {"name": "thread", "value": "1540-MainThread"}, {"name": "framework", "value": "pytest"}, {"name": "language", "value": "cpython3"}, {"name": "package", "value": "tests.test_order_feed_page"}]}