{"name": "test_increase_count_all_time[chrome-count_locator0]", "status": "broken", "statusDetails": {"message": "selenium.common.exceptions.TimeoutException: Message: \nStacktrace:\n\tGetHandleVerifier [0x00007FF77FAB1562+60802]\n\t(No symbol) [0x00007FF77FA2AC62]\n\t(No symbol) [0x00007FF77F8E7CE4]\n\t(No symbol) [0x00007FF77F936D4D]\n\t(No symbol) [0x00007FF77F936E1C]\n\t(No symbol) [0x00007FF77F97CE37]\n\t(No symbol) [0x00007FF77F95ABBF]\n\t(No symbol) [0x00007FF77F97A224]\n\t(No symbol) [0x00007FF77F95A923]\n\t(No symbol) [0x00007FF77F928FEC]\n\t(No symbol) [0x00007FF77F929C21]\n\tGetHandleVerifier [0x00007FF77FDB41FD+3217949]\n\tGetHandleVerifier [0x00007FF77FDF6197+3488183]\n\tGetHandleVerifier [0x00007FF77FDEF11F+3459391]\n\tGetHandleVerifier [0x00007FF77FB6B926+823622]\n\t(No symbol) [0x00007FF77FA35FFF]\n\t(No symbol) [0x00007FF77FA30F24]\n\t(No symbol) [0x00007FF77FA310B2]\n\t(No symbol) [0x00007FF77FA21904]\n\tBaseThreadInitThunk [0x00007FFF0F217344+20]\n\tRtlUserThreadStart [0x00007FFF101A26B1+33]", "trace": "self = <test_order_feed_page.TestOrderFeedPage object at 0x000001636D9EF8D0>\ncreate_test_user = {'email': 'HHoqvUBd@yandex.ru', 'password': 'CgOwlCTx', 'token': 'Bearer eyJhbGciOiJIUzI1NiIsInR5cCI6IkpXVCJ9.eyJpZCI6...TlmOWVkMjgwMDAxYjQwYzc4NiIsImlhdCI6MTcxNTQ2NzY4MCwiZXhwIjoxNzE1NDY4ODgwfQ.9KeRbmOD_-sXjqWE-DN34fyCYjLkOEU70BnJgdw7_P8'}\nmain_page = <pages.main_page.MainPage object at 0x000001636DA29310>, login_page = <pages.login_page.LoginPage object at 0x000001636DA28CD0>\norder_feed_page = <pages.order_feed_page.OrderFeedPage object at 0x000001636DA2B6D0>\ncount_locator = ('xpath', '//p[contains(text(), \"Выполнено за все время\")]/following-sibling::p')\n\n    @allure.step('при создании нового заказа счётчик Выполнено за всё время увеличивается')\n    @allure.step('при создании нового заказа счётчик Выполнено за сегодня увеличивается')\n    @pytest.mark.parametrize('count_locator',[OrderFeedPageLocators.COUNT_ALL_TIME,\n                                              OrderFeedPageLocators.COUNT_TODAY])\n    def test_increase_count_all_time(self,create_test_user,main_page,login_page,order_feed_page, count_locator):\n        main_page.click_button_personal_area()\n        login_page.login_to_site(create_test_user['email'], create_test_user['password'])\n        main_page.click_order_feed_button()\n>       count_1 = int(order_feed_page.return_count_order(count_locator))\n\ntests\\test_order_feed_page.py:39: \n_ _ _ _ _ _ _ _ _ _ _ _ _ _ _ _ _ _ _ _ _ _ _ _ _ _ _ _ _ _ _ _ _ _ _ _ _ _ _ _ _ _ _ _ _ _ _ _ _ _ _ _ _ _ _ _ _ _ _ _ _ _ _ _ _ _ _ _ _ _ _ _ _ _ _ _\npages\\order_feed_page.py:28: in return_count_order\n    return self.get_text_to_element(locator)\npages\\base_page.py:29: in get_text_to_element\n    WebDriverWait(self.driver, 20).until(expected_conditions.visibility_of_element_located(locator))\n_ _ _ _ _ _ _ _ _ _ _ _ _ _ _ _ _ _ _ _ _ _ _ _ _ _ _ _ _ _ _ _ _ _ _ _ _ _ _ _ _ _ _ _ _ _ _ _ _ _ _ _ _ _ _ _ _ _ _ _ _ _ _ _ _ _ _ _ _ _ _ _ _ _ _ _\n\nself = <selenium.webdriver.support.wait.WebDriverWait (session=\"0feddca4c7cdc8c5a2eb90a78fb3ac1f\")>\nmethod = <function visibility_of_element_located.<locals>._predicate at 0x000001636DA3D3A0>, message = ''\n\n    def until(self, method: Callable[[D], Union[Literal[False], T]], message: str = \"\") -> T:\n        \"\"\"Calls the method provided with the driver as an argument until the \\\n        return value does not evaluate to ``False``.\n    \n        :param method: callable(WebDriver)\n        :param message: optional message for :exc:`TimeoutException`\n        :returns: the result of the last call to `method`\n        :raises: :exc:`selenium.common.exceptions.TimeoutException` if timeout occurs\n        \"\"\"\n        screen = None\n        stacktrace = None\n    \n        end_time = time.monotonic() + self._timeout\n        while True:\n            try:\n                value = method(self._driver)\n                if value:\n                    return value\n            except self._ignored_exceptions as exc:\n                screen = getattr(exc, \"screen\", None)\n                stacktrace = getattr(exc, \"stacktrace\", None)\n            time.sleep(self._poll)\n            if time.monotonic() > end_time:\n                break\n>       raise TimeoutException(message, screen, stacktrace)\nE       selenium.common.exceptions.TimeoutException: Message: \nE       Stacktrace:\nE       \tGetHandleVerifier [0x00007FF77FAB1562+60802]\nE       \t(No symbol) [0x00007FF77FA2AC62]\nE       \t(No symbol) [0x00007FF77F8E7CE4]\nE       \t(No symbol) [0x00007FF77F936D4D]\nE       \t(No symbol) [0x00007FF77F936E1C]\nE       \t(No symbol) [0x00007FF77F97CE37]\nE       \t(No symbol) [0x00007FF77F95ABBF]\nE       \t(No symbol) [0x00007FF77F97A224]\nE       \t(No symbol) [0x00007FF77F95A923]\nE       \t(No symbol) [0x00007FF77F928FEC]\nE       \t(No symbol) [0x00007FF77F929C21]\nE       \tGetHandleVerifier [0x00007FF77FDB41FD+3217949]\nE       \tGetHandleVerifier [0x00007FF77FDF6197+3488183]\nE       \tGetHandleVerifier [0x00007FF77FDEF11F+3459391]\nE       \tGetHandleVerifier [0x00007FF77FB6B926+823622]\nE       \t(No symbol) [0x00007FF77FA35FFF]\nE       \t(No symbol) [0x00007FF77FA30F24]\nE       \t(No symbol) [0x00007FF77FA310B2]\nE       \t(No symbol) [0x00007FF77FA21904]\nE       \tBaseThreadInitThunk [0x00007FFF0F217344+20]\nE       \tRtlUserThreadStart [0x00007FFF101A26B1+33]\n\nvenv\\Lib\\site-packages\\selenium\\webdriver\\support\\wait.py:105: TimeoutException"}, "steps": [{"name": "при создании нового заказа счётчик Выполнено за всё время увеличивается", "status": "broken", "statusDetails": {"message": "selenium.common.exceptions.TimeoutException: Message: \nStacktrace:\n\tGetHandleVerifier [0x00007FF77FAB1562+60802]\n\t(No symbol) [0x00007FF77FA2AC62]\n\t(No symbol) [0x00007FF77F8E7CE4]\n\t(No symbol) [0x00007FF77F936D4D]\n\t(No symbol) [0x00007FF77F936E1C]\n\t(No symbol) [0x00007FF77F97CE37]\n\t(No symbol) [0x00007FF77F95ABBF]\n\t(No symbol) [0x00007FF77F97A224]\n\t(No symbol) [0x00007FF77F95A923]\n\t(No symbol) [0x00007FF77F928FEC]\n\t(No symbol) [0x00007FF77F929C21]\n\tGetHandleVerifier [0x00007FF77FDB41FD+3217949]\n\tGetHandleVerifier [0x00007FF77FDF6197+3488183]\n\tGetHandleVerifier [0x00007FF77FDEF11F+3459391]\n\tGetHandleVerifier [0x00007FF77FB6B926+823622]\n\t(No symbol) [0x00007FF77FA35FFF]\n\t(No symbol) [0x00007FF77FA30F24]\n\t(No symbol) [0x00007FF77FA310B2]\n\t(No symbol) [0x00007FF77FA21904]\n\tBaseThreadInitThunk [0x00007FFF0F217344+20]\n\tRtlUserThreadStart [0x00007FFF101A26B1+33]\n\n", "trace": "  File \"C:\\Users\\y\\PycharmProjects\\diplom_3\\venv\\Lib\\site-packages\\allure_commons\\_allure.py\", line 192, in impl\n    return func(*a, **kw)\n           ^^^^^^^^^^^^^^\n  File \"C:\\Users\\y\\PycharmProjects\\diplom_3\\venv\\Lib\\site-packages\\allure_commons\\_allure.py\", line 192, in impl\n    return func(*a, **kw)\n           ^^^^^^^^^^^^^^\n  File \"C:\\Users\\y\\PycharmProjects\\diplom_3\\tests\\test_order_feed_page.py\", line 39, in test_increase_count_all_time\n    count_1 = int(order_feed_page.return_count_order(count_locator))\n                  ^^^^^^^^^^^^^^^^^^^^^^^^^^^^^^^^^^^^^^^^^^^^^^^^^\n  File \"C:\\Users\\y\\PycharmProjects\\diplom_3\\venv\\Lib\\site-packages\\allure_commons\\_allure.py\", line 192, in impl\n    return func(*a, **kw)\n           ^^^^^^^^^^^^^^\n  File \"C:\\Users\\y\\PycharmProjects\\diplom_3\\pages\\order_feed_page.py\", line 28, in return_count_order\n    return self.get_text_to_element(locator)\n           ^^^^^^^^^^^^^^^^^^^^^^^^^^^^^^^^^\n  File \"C:\\Users\\y\\PycharmProjects\\diplom_3\\venv\\Lib\\site-packages\\allure_commons\\_allure.py\", line 192, in impl\n    return func(*a, **kw)\n           ^^^^^^^^^^^^^^\n  File \"C:\\Users\\y\\PycharmProjects\\diplom_3\\pages\\base_page.py\", line 29, in get_text_to_element\n    WebDriverWait(self.driver, 20).until(expected_conditions.visibility_of_element_located(locator))\n  File \"C:\\Users\\y\\PycharmProjects\\diplom_3\\venv\\Lib\\site-packages\\selenium\\webdriver\\support\\wait.py\", line 105, in until\n    raise TimeoutException(message, screen, stacktrace)\n"}, "steps": [{"name": "при создании нового заказа счётчик Выполнено за сегодня увеличивается", "status": "broken", "statusDetails": {"message": "selenium.common.exceptions.TimeoutException: Message: \nStacktrace:\n\tGetHandleVerifier [0x00007FF77FAB1562+60802]\n\t(No symbol) [0x00007FF77FA2AC62]\n\t(No symbol) [0x00007FF77F8E7CE4]\n\t(No symbol) [0x00007FF77F936D4D]\n\t(No symbol) [0x00007FF77F936E1C]\n\t(No symbol) [0x00007FF77F97CE37]\n\t(No symbol) [0x00007FF77F95ABBF]\n\t(No symbol) [0x00007FF77F97A224]\n\t(No symbol) [0x00007FF77F95A923]\n\t(No symbol) [0x00007FF77F928FEC]\n\t(No symbol) [0x00007FF77F929C21]\n\tGetHandleVerifier [0x00007FF77FDB41FD+3217949]\n\tGetHandleVerifier [0x00007FF77FDF6197+3488183]\n\tGetHandleVerifier [0x00007FF77FDEF11F+3459391]\n\tGetHandleVerifier [0x00007FF77FB6B926+823622]\n\t(No symbol) [0x00007FF77FA35FFF]\n\t(No symbol) [0x00007FF77FA30F24]\n\t(No symbol) [0x00007FF77FA310B2]\n\t(No symbol) [0x00007FF77FA21904]\n\tBaseThreadInitThunk [0x00007FFF0F217344+20]\n\tRtlUserThreadStart [0x00007FFF101A26B1+33]\n\n", "trace": "  File \"C:\\Users\\y\\PycharmProjects\\diplom_3\\venv\\Lib\\site-packages\\allure_commons\\_allure.py\", line 192, in impl\n    return func(*a, **kw)\n           ^^^^^^^^^^^^^^\n  File \"C:\\Users\\y\\PycharmProjects\\diplom_3\\tests\\test_order_feed_page.py\", line 39, in test_increase_count_all_time\n    count_1 = int(order_feed_page.return_count_order(count_locator))\n                  ^^^^^^^^^^^^^^^^^^^^^^^^^^^^^^^^^^^^^^^^^^^^^^^^^\n  File \"C:\\Users\\y\\PycharmProjects\\diplom_3\\venv\\Lib\\site-packages\\allure_commons\\_allure.py\", line 192, in impl\n    return func(*a, **kw)\n           ^^^^^^^^^^^^^^\n  File \"C:\\Users\\y\\PycharmProjects\\diplom_3\\pages\\order_feed_page.py\", line 28, in return_count_order\n    return self.get_text_to_element(locator)\n           ^^^^^^^^^^^^^^^^^^^^^^^^^^^^^^^^^\n  File \"C:\\Users\\y\\PycharmProjects\\diplom_3\\venv\\Lib\\site-packages\\allure_commons\\_allure.py\", line 192, in impl\n    return func(*a, **kw)\n           ^^^^^^^^^^^^^^\n  File \"C:\\Users\\y\\PycharmProjects\\diplom_3\\pages\\base_page.py\", line 29, in get_text_to_element\n    WebDriverWait(self.driver, 20).until(expected_conditions.visibility_of_element_located(locator))\n  File \"C:\\Users\\y\\PycharmProjects\\diplom_3\\venv\\Lib\\site-packages\\selenium\\webdriver\\support\\wait.py\", line 105, in until\n    raise TimeoutException(message, screen, stacktrace)\n"}, "steps": [{"name": "Нажать на кнопку Личный кабинет", "status": "passed", "start": 1715467683065, "stop": 1715467684715}, {"name": "Вход зарегестрированного пользователя", "status": "passed", "steps": [{"name": "Заполнить поле email", "status": "passed", "steps": [{"name": "Ввод данных в поле", "status": "passed", "parameters": [{"name": "locator", "value": "('xpath', '//input[@name = \"name\"]')"}, {"name": "text", "value": "'HHoqvUBd@yandex.ru'"}], "start": 1715467684716, "stop": 1715467684941}], "parameters": [{"name": "email", "value": "'HHoqvUBd@yandex.ru'"}], "start": 1715467684716, "stop": 1715467684941}, {"name": "Запоняем поле пароль", "status": "passed", "steps": [{"name": "Ввод данных в поле", "status": "passed", "parameters": [{"name": "locator", "value": "('xpath', '//input[@name = \"Пароль\"]')"}, {"name": "text", "value": "'CgOwlCTx'"}], "start": 1715467684941, "stop": 1715467685099}], "parameters": [{"name": "password", "value": "'CgOwlCTx'"}], "start": 1715467684941, "stop": 1715467685099}, {"name": "Нажать кнопку Войти", "status": "passed", "steps": [{"name": "Нажать на эдемент", "status": "passed", "parameters": [{"name": "locator", "value": "('xpath', '//button[contains(text(),\"Войти\")]')"}], "start": 1715467685100, "stop": 1715467685258}], "start": 1715467685100, "stop": 1715467685258}], "parameters": [{"name": "email", "value": "'HHoqvUBd@yandex.ru'"}, {"name": "password", "value": "'CgOwlCTx'"}], "start": 1715467684716, "stop": 1715467685258}, {"name": "Нажать на кнопку Лента заказов", "status": "passed", "start": 1715467685259, "stop": 1715467685620}, {"name": "Получить колчество заказов за все время и за сегодня", "status": "broken", "statusDetails": {"message": "selenium.common.exceptions.TimeoutException: Message: \nStacktrace:\n\tGetHandleVerifier [0x00007FF77FAB1562+60802]\n\t(No symbol) [0x00007FF77FA2AC62]\n\t(No symbol) [0x00007FF77F8E7CE4]\n\t(No symbol) [0x00007FF77F936D4D]\n\t(No symbol) [0x00007FF77F936E1C]\n\t(No symbol) [0x00007FF77F97CE37]\n\t(No symbol) [0x00007FF77F95ABBF]\n\t(No symbol) [0x00007FF77F97A224]\n\t(No symbol) [0x00007FF77F95A923]\n\t(No symbol) [0x00007FF77F928FEC]\n\t(No symbol) [0x00007FF77F929C21]\n\tGetHandleVerifier [0x00007FF77FDB41FD+3217949]\n\tGetHandleVerifier [0x00007FF77FDF6197+3488183]\n\tGetHandleVerifier [0x00007FF77FDEF11F+3459391]\n\tGetHandleVerifier [0x00007FF77FB6B926+823622]\n\t(No symbol) [0x00007FF77FA35FFF]\n\t(No symbol) [0x00007FF77FA30F24]\n\t(No symbol) [0x00007FF77FA310B2]\n\t(No symbol) [0x00007FF77FA21904]\n\tBaseThreadInitThunk [0x00007FFF0F217344+20]\n\tRtlUserThreadStart [0x00007FFF101A26B1+33]\n\n", "trace": "  File \"C:\\Users\\y\\PycharmProjects\\diplom_3\\venv\\Lib\\site-packages\\allure_commons\\_allure.py\", line 192, in impl\n    return func(*a, **kw)\n           ^^^^^^^^^^^^^^\n  File \"C:\\Users\\y\\PycharmProjects\\diplom_3\\pages\\order_feed_page.py\", line 28, in return_count_order\n    return self.get_text_to_element(locator)\n           ^^^^^^^^^^^^^^^^^^^^^^^^^^^^^^^^^\n  File \"C:\\Users\\y\\PycharmProjects\\diplom_3\\venv\\Lib\\site-packages\\allure_commons\\_allure.py\", line 192, in impl\n    return func(*a, **kw)\n           ^^^^^^^^^^^^^^\n  File \"C:\\Users\\y\\PycharmProjects\\diplom_3\\pages\\base_page.py\", line 29, in get_text_to_element\n    WebDriverWait(self.driver, 20).until(expected_conditions.visibility_of_element_located(locator))\n  File \"C:\\Users\\y\\PycharmProjects\\diplom_3\\venv\\Lib\\site-packages\\selenium\\webdriver\\support\\wait.py\", line 105, in until\n    raise TimeoutException(message, screen, stacktrace)\n"}, "steps": [{"name": "Получение текста с элемента", "status": "broken", "statusDetails": {"message": "selenium.common.exceptions.TimeoutException: Message: \nStacktrace:\n\tGetHandleVerifier [0x00007FF77FAB1562+60802]\n\t(No symbol) [0x00007FF77FA2AC62]\n\t(No symbol) [0x00007FF77F8E7CE4]\n\t(No symbol) [0x00007FF77F936D4D]\n\t(No symbol) [0x00007FF77F936E1C]\n\t(No symbol) [0x00007FF77F97CE37]\n\t(No symbol) [0x00007FF77F95ABBF]\n\t(No symbol) [0x00007FF77F97A224]\n\t(No symbol) [0x00007FF77F95A923]\n\t(No symbol) [0x00007FF77F928FEC]\n\t(No symbol) [0x00007FF77F929C21]\n\tGetHandleVerifier [0x00007FF77FDB41FD+3217949]\n\tGetHandleVerifier [0x00007FF77FDF6197+3488183]\n\tGetHandleVerifier [0x00007FF77FDEF11F+3459391]\n\tGetHandleVerifier [0x00007FF77FB6B926+823622]\n\t(No symbol) [0x00007FF77FA35FFF]\n\t(No symbol) [0x00007FF77FA30F24]\n\t(No symbol) [0x00007FF77FA310B2]\n\t(No symbol) [0x00007FF77FA21904]\n\tBaseThreadInitThunk [0x00007FFF0F217344+20]\n\tRtlUserThreadStart [0x00007FFF101A26B1+33]\n\n", "trace": "  File \"C:\\Users\\y\\PycharmProjects\\diplom_3\\venv\\Lib\\site-packages\\allure_commons\\_allure.py\", line 192, in impl\n    return func(*a, **kw)\n           ^^^^^^^^^^^^^^\n  File \"C:\\Users\\y\\PycharmProjects\\diplom_3\\pages\\base_page.py\", line 29, in get_text_to_element\n    WebDriverWait(self.driver, 20).until(expected_conditions.visibility_of_element_located(locator))\n  File \"C:\\Users\\y\\PycharmProjects\\diplom_3\\venv\\Lib\\site-packages\\selenium\\webdriver\\support\\wait.py\", line 105, in until\n    raise TimeoutException(message, screen, stacktrace)\n"}, "parameters": [{"name": "locator", "value": "('xpath', '//p[contains(text(), \"Выполнено за все время\")]/following-sibling::p')"}], "start": 1715467685620, "stop": 1715467705651}], "parameters": [{"name": "locator", "value": "('xpath', '//p[contains(text(), \"Выполнено за все время\")]/following-sibling::p')"}], "start": 1715467685620, "stop": 1715467705654}], "parameters": [{"name": "create_test_user", "value": "{'token': 'Bearer eyJhbGciOiJIUzI1NiIsInR5cCI6IkpXVCJ9.eyJpZCI6IjY2M2ZmNTlmOWVkMjgwMDAxYjQwYzc4NiIsImlhdCI6MTcxNTQ2NzY4MCwiZXhwIjoxNzE1NDY4ODgwfQ.9KeRbmOD_-sXjqWE-DN34fyCYjLkOEU70BnJgdw7_P8', 'email': 'HHoqvUBd@yandex.ru', 'password': 'CgOwlCTx'}"}, {"name": "main_page", "value": "<pages.main_page.MainPage object at 0x000001636DA29310>"}, {"name": "login_page", "value": "<pages.login_page.LoginPage object at 0x000001636DA28CD0>"}, {"name": "order_feed_page", "value": "<pages.order_feed_page.OrderFeedPage object at 0x000001636DA2B6D0>"}, {"name": "count_locator", "value": "('xpath', '//p[contains(text(), \"Выполнено за все время\")]/following-sibling::p')"}], "start": 1715467683064, "stop": 1715467705655}], "parameters": [{"name": "a", "value": "(<test_order_feed_page.TestOrderFeedPage object at 0x000001636D9EF8D0>,)"}, {"name": "create_test_user", "value": "{'token': 'Bearer eyJhbGciOiJIUzI1NiIsInR5cCI6IkpXVCJ9.eyJpZCI6IjY2M2ZmNTlmOWVkMjgwMDAxYjQwYzc4NiIsImlhdCI6MTcxNTQ2NzY4MCwiZXhwIjoxNzE1NDY4ODgwfQ.9KeRbmOD_-sXjqWE-DN34fyCYjLkOEU70BnJgdw7_P8', 'email': 'HHoqvUBd@yandex.ru', 'password': 'CgOwlCTx'}"}, {"name": "main_page", "value": "<pages.main_page.MainPage object at 0x000001636DA29310>"}, {"name": "login_page", "value": "<pages.login_page.LoginPage object at 0x000001636DA28CD0>"}, {"name": "order_feed_page", "value": "<pages.order_feed_page.OrderFeedPage object at 0x000001636DA2B6D0>"}, {"name": "count_locator", "value": "('xpath', '//p[contains(text(), \"Выполнено за все время\")]/following-sibling::p')"}], "start": 1715467683063, "stop": 1715467705657}], "parameters": [{"name": "driver", "value": "'chrome'"}, {"name": "count_locator", "value": "('xpath', '//p[contains(text(), \"Выполнено за все время\")]/following-sibling::p')"}], "start": 1715467683063, "stop": 1715467705658, "uuid": "9100e714-e16b-4035-9a97-895f11dea3ae", "historyId": "1959b8301b96c572eb1bfbb3633ffb2c", "testCaseId": "fe12c44f981961bb396f2181c2ca16b3", "fullName": "tests.test_order_feed_page.TestOrderFeedPage#test_increase_count_all_time", "labels": [{"name": "parentSuite", "value": "tests"}, {"name": "suite", "value": "test_order_feed_page"}, {"name": "subSuite", "value": "TestOrderFeedPage"}, {"name": "host", "value": "LAPTOP-GROONPCU"}, {"name": "thread", "value": "14576-MainThread"}, {"name": "framework", "value": "pytest"}, {"name": "language", "value": "cpython3"}, {"name": "package", "value": "tests.test_order_feed_page"}]}